# JRE version: OpenJDK Runtime Environment (11.0.12+7) (build 11.0.12+7-b1504.28-7817840)
# Java VM: OpenJDK 64-Bit Server VM (11.0.12+7-b1504.28-7817840, mixed mode, tiered, compressed oops, g1 gc, windows-amd64)
Heap:
 garbage-first heap   total 493568K, used 275970K [0x0000000080000000, 0x0000000100000000)
  region size 1024K, 12 young (12288K), 3 survivors (3072K)
 Metaspace       used 164546K, capacity 170565K, committed 170772K, reserved 1198080K
  class space    used 19985K, capacity 22149K, committed 22168K, reserved 1048576K
GC Heap History (20 events):
Event: 3330.907 GC heap before
{Heap before GC invocations=296 (full 0):
 garbage-first heap   total 315392K, used 252178K [0x0000000080000000, 0x0000000100000000)
  region size 1024K, 38 young (38912K), 7 survivors (7168K)
 Metaspace       used 164381K, capacity 170392K, committed 170516K, reserved 1198080K
  class space    used 19980K, capacity 22140K, committed 22168K, reserved 1048576K
}
Event: 3331.019 GC heap after
{Heap after GC invocations=297 (full 0):
 garbage-first heap   total 315392K, used 237568K [0x0000000080000000, 0x0000000100000000)
  region size 1024K, 5 young (5120K), 5 survivors (5120K)
 Metaspace       used 164381K, capacity 170392K, committed 170516K, reserved 1198080K
  class space    used 19980K, capacity 22140K, committed 22168K, reserved 1048576K
}
Event: 3332.441 GC heap before
{Heap before GC invocations=298 (full 0):
 garbage-first heap   total 315392K, used 260096K [0x0000000080000000, 0x0000000100000000)
  region size 1024K, 27 young (27648K), 5 survivors (5120K)
 Metaspace       used 164438K, capacity 170464K, committed 170516K, reserved 1198080K
  class space    used 19981K, capacity 22142K, committed 22168K, reserved 1048576K
}
Event: 3332.501 GC heap after
{Heap after GC invocations=299 (full 0):
 garbage-first heap   total 315392K, used 247808K [0x0000000080000000, 0x0000000100000000)
  region size 1024K, 4 young (4096K), 4 survivors (4096K)
 Metaspace       used 164438K, capacity 170464K, committed 170516K, reserved 1198080K
  class space    used 19981K, capacity 22142K, committed 22168K, reserved 1048576K
}
Event: 3332.696 GC heap before
{Heap before GC invocations=299 (full 0):
 garbage-first heap   total 315392K, used 259072K [0x0000000080000000, 0x0000000100000000)
  region size 1024K, 15 young (15360K), 4 survivors (4096K)
 Metaspace       used 164438K, capacity 170464K, committed 170516K, reserved 1198080K
  class space    used 19981K, capacity 22142K, committed 22168K, reserved 1048576K
}
Event: 3332.732 GC heap after
{Heap after GC invocations=300 (full 0):
 garbage-first heap   total 315392K, used 249856K [0x0000000080000000, 0x0000000100000000)
  region size 1024K, 2 young (2048K), 2 survivors (2048K)
 Metaspace       used 164438K, capacity 170464K, committed 170516K, reserved 1198080K
  class space    used 19981K, capacity 22142K, committed 22168K, reserved 1048576K
}
Event: 3333.134 GC heap before
{Heap before GC invocations=300 (full 0):
 garbage-first heap   total 315392K, used 266240K [0x0000000080000000, 0x0000000100000000)
  region size 1024K, 18 young (18432K), 2 survivors (2048K)
 Metaspace       used 164507K, capacity 170496K, committed 170516K, reserved 1198080K
  class space    used 19985K, capacity 22149K, committed 22168K, reserved 1048576K
}
Event: 3333.174 GC heap after
{Heap after GC invocations=301 (full 0):
 garbage-first heap   total 315392K, used 251917K [0x0000000080000000, 0x0000000100000000)
  region size 1024K, 2 young (2048K), 2 survivors (2048K)
 Metaspace       used 164507K, capacity 170496K, committed 170516K, reserved 1198080K
  class space    used 19985K, capacity 22149K, committed 22168K, reserved 1048576K
}
Event: 3334.530 GC heap before
{Heap before GC invocations=302 (full 0):
 garbage-first heap   total 315392K, used 260109K [0x0000000080000000, 0x0000000100000000)
  region size 1024K, 17 young (17408K), 2 survivors (2048K)
 Metaspace       used 164517K, capacity 170501K, committed 170772K, reserved 1198080K
  class space    used 19985K, capacity 22149K, committed 22168K, reserved 1048576K
}
Event: 3334.556 GC heap after
{Heap after GC invocations=303 (full 0):
 garbage-first heap   total 405504K, used 247296K [0x0000000080000000, 0x0000000100000000)
  region size 1024K, 3 young (3072K), 3 survivors (3072K)
 Metaspace       used 164517K, capacity 170501K, committed 170772K, reserved 1198080K
  class space    used 19985K, capacity 22149K, committed 22168K, reserved 1048576K
}
Event: 3334.817 GC heap before
{Heap before GC invocations=303 (full 0):
 garbage-first heap   total 405504K, used 263680K [0x0000000080000000, 0x0000000100000000)
  region size 1024K, 19 young (19456K), 3 survivors (3072K)
 Metaspace       used 164518K, capacity 170501K, committed 170772K, reserved 1198080K
  class space    used 19985K, capacity 22149K, committed 22168K, reserved 1048576K
}
Event: 3334.870 GC heap after
{Heap after GC invocations=304 (full 0):
 garbage-first heap   total 405504K, used 240625K [0x0000000080000000, 0x0000000100000000)
  region size 1024K, 3 young (3072K), 3 survivors (3072K)
 Metaspace       used 164518K, capacity 170501K, committed 170772K, reserved 1198080K
  class space    used 19985K, capacity 22149K, committed 22168K, reserved 1048576K
}
Event: 3335.540 GC heap before
{Heap before GC invocations=304 (full 0):
 garbage-first heap   total 405504K, used 259057K [0x0000000080000000, 0x0000000100000000)
  region size 1024K, 22 young (22528K), 3 survivors (3072K)
 Metaspace       used 164531K, capacity 170565K, committed 170772K, reserved 1198080K
  class space    used 19985K, capacity 22149K, committed 22168K, reserved 1048576K
}
Event: 3335.574 GC heap after
{Heap after GC invocations=305 (full 0):
 garbage-first heap   total 405504K, used 241679K [0x0000000080000000, 0x0000000100000000)
  region size 1024K, 4 young (4096K), 4 survivors (4096K)
 Metaspace       used 164531K, capacity 170565K, committed 170772K, reserved 1198080K
  class space    used 19985K, capacity 22149K, committed 22168K, reserved 1048576K
}
Event: 3339.692 GC heap before
{Heap before GC invocations=306 (full 0):
 garbage-first heap   total 405504K, used 316431K [0x0000000080000000, 0x0000000100000000)
  region size 1024K, 61 young (62464K), 4 survivors (4096K)
 Metaspace       used 164540K, capacity 170565K, committed 170772K, reserved 1198080K
  class space    used 19985K, capacity 22149K, committed 22168K, reserved 1048576K
}
Event: 3339.752 GC heap after
{Heap after GC invocations=307 (full 0):
 garbage-first heap   total 405504K, used 261069K [0x0000000080000000, 0x0000000100000000)
  region size 1024K, 7 young (7168K), 7 survivors (7168K)
 Metaspace       used 164540K, capacity 170565K, committed 170772K, reserved 1198080K
  class space    used 19985K, capacity 22149K, committed 22168K, reserved 1048576K
}
Event: 3339.882 GC heap before
{Heap before GC invocations=307 (full 0):
 garbage-first heap   total 405504K, used 273357K [0x0000000080000000, 0x0000000100000000)
  region size 1024K, 19 young (19456K), 7 survivors (7168K)
 Metaspace       used 164543K, capacity 170565K, committed 170772K, reserved 1198080K
  class space    used 19985K, capacity 22149K, committed 22168K, reserved 1048576K
}
Event: 3339.928 GC heap after
{Heap after GC invocations=308 (full 0):
 garbage-first heap   total 405504K, used 262080K [0x0000000080000000, 0x0000000100000000)
  region size 1024K, 2 young (2048K), 2 survivors (2048K)
 Metaspace       used 164543K, capacity 170565K, committed 170772K, reserved 1198080K
  class space    used 19985K, capacity 22149K, committed 22168K, reserved 1048576K
}
Event: 3339.952 GC heap before
{Heap before GC invocations=308 (full 0):
 garbage-first heap   total 405504K, used 265152K [0x0000000080000000, 0x0000000100000000)
  region size 1024K, 6 young (6144K), 2 survivors (2048K)
 Metaspace       used 164545K, capacity 170565K, committed 170772K, reserved 1198080K
  class space    used 19985K, capacity 22149K, committed 22168K, reserved 1048576K
}
Event: 3339.968 GC heap after
{Heap after GC invocations=309 (full 0):
 garbage-first heap   total 493568K, used 262658K [0x0000000080000000, 0x0000000100000000)
  region size 1024K, 3 young (3072K), 3 survivors (3072K)
 Metaspace       used 164545K, capacity 170565K, committed 170772K, reserved 1198080K
  class space    used 19985K, capacity 22149K, committed 22168K, reserved 1048576K
}

