# JRE version: OpenJDK Runtime Environment (11.0.12+7) (build 11.0.12+7-b1504.28-7817840)
# Java VM: OpenJDK 64-Bit Server VM (11.0.12+7-b1504.28-7817840, mixed mode, tiered, compressed oops, g1 gc, windows-amd64)
Heap:
 garbage-first heap   total 177152K, used 142763K [0x0000000080000000, 0x0000000100000000)
  region size 1024K, 22 young (22528K), 3 survivors (3072K)
 Metaspace       used 117733K, capacity 120872K, committed 121032K, reserved 1155072K
  class space    used 14976K, capacity 16165K, committed 16204K, reserved 1048576K
GC Heap History (20 events):
Event: 185.024 GC heap before
{Heap before GC invocations=86 (full 0):
 garbage-first heap   total 147456K, used 123776K [0x0000000080000000, 0x0000000100000000)
  region size 1024K, 7 young (7168K), 1 survivors (1024K)
 Metaspace       used 103853K, capacity 106388K, committed 106440K, reserved 1142784K
  class space    used 13172K, capacity 14114K, committed 14156K, reserved 1048576K
}
Event: 185.038 GC heap after
{Heap after GC invocations=87 (full 0):
 garbage-first heap   total 147456K, used 111941K [0x0000000080000000, 0x0000000100000000)
  region size 1024K, 1 young (1024K), 1 survivors (1024K)
 Metaspace       used 103853K, capacity 106388K, committed 106440K, reserved 1142784K
  class space    used 13172K, capacity 14114K, committed 14156K, reserved 1048576K
}
Event: 185.282 GC heap before
{Heap before GC invocations=87 (full 0):
 garbage-first heap   total 147456K, used 120133K [0x0000000080000000, 0x0000000100000000)
  region size 1024K, 10 young (10240K), 1 survivors (1024K)
 Metaspace       used 104160K, capacity 106705K, committed 107080K, reserved 1142784K
  class space    used 13208K, capacity 14154K, committed 14284K, reserved 1048576K
}
Event: 185.291 GC heap after
{Heap after GC invocations=88 (full 0):
 garbage-first heap   total 147456K, used 112945K [0x0000000080000000, 0x0000000100000000)
  region size 1024K, 2 young (2048K), 2 survivors (2048K)
 Metaspace       used 104160K, capacity 106705K, committed 107080K, reserved 1142784K
  class space    used 13208K, capacity 14154K, committed 14284K, reserved 1048576K
}
Event: 187.140 GC heap before
{Heap before GC invocations=88 (full 0):
 garbage-first heap   total 147456K, used 121137K [0x0000000080000000, 0x0000000100000000)
  region size 1024K, 11 young (11264K), 2 survivors (2048K)
 Metaspace       used 106570K, capacity 109144K, committed 109384K, reserved 1144832K
  class space    used 13514K, capacity 14480K, committed 14540K, reserved 1048576K
}
Event: 187.149 GC heap after
{Heap after GC invocations=89 (full 0):
 garbage-first heap   total 147456K, used 113670K [0x0000000080000000, 0x0000000100000000)
  region size 1024K, 2 young (2048K), 2 survivors (2048K)
 Metaspace       used 106570K, capacity 109144K, committed 109384K, reserved 1144832K
  class space    used 13514K, capacity 14480K, committed 14540K, reserved 1048576K
}
Event: 187.619 GC heap before
{Heap before GC invocations=89 (full 0):
 garbage-first heap   total 147456K, used 122886K [0x0000000080000000, 0x0000000100000000)
  region size 1024K, 11 young (11264K), 2 survivors (2048K)
 Metaspace       used 106891K, capacity 109499K, committed 109640K, reserved 1144832K
  class space    used 13545K, capacity 14513K, committed 14540K, reserved 1048576K
}
Event: 187.638 GC heap after
{Heap after GC invocations=90 (full 0):
 garbage-first heap   total 147456K, used 116799K [0x0000000080000000, 0x0000000100000000)
  region size 1024K, 2 young (2048K), 2 survivors (2048K)
 Metaspace       used 106891K, capacity 109499K, committed 109640K, reserved 1144832K
  class space    used 13545K, capacity 14513K, committed 14540K, reserved 1048576K
}
Event: 188.218 GC heap before
{Heap before GC invocations=90 (full 0):
 garbage-first heap   total 147456K, used 122943K [0x0000000080000000, 0x0000000100000000)
  region size 1024K, 9 young (9216K), 2 survivors (2048K)
 Metaspace       used 107661K, capacity 110287K, committed 110536K, reserved 1144832K
  class space    used 13648K, capacity 14601K, committed 14668K, reserved 1048576K
}
Event: 188.239 GC heap after
{Heap after GC invocations=91 (full 0):
 garbage-first heap   total 147456K, used 118260K [0x0000000080000000, 0x0000000100000000)
  region size 1024K, 2 young (2048K), 2 survivors (2048K)
 Metaspace       used 107661K, capacity 110287K, committed 110536K, reserved 1144832K
  class space    used 13648K, capacity 14601K, committed 14668K, reserved 1048576K
}
Event: 188.684 GC heap before
{Heap before GC invocations=91 (full 0):
 garbage-first heap   total 147456K, used 124404K [0x0000000080000000, 0x0000000100000000)
  region size 1024K, 9 young (9216K), 2 survivors (2048K)
 Metaspace       used 109060K, capacity 111732K, committed 111816K, reserved 1146880K
  class space    used 13839K, capacity 14851K, committed 14924K, reserved 1048576K
}
Event: 188.698 GC heap after
{Heap after GC invocations=92 (full 0):
 garbage-first heap   total 177152K, used 119303K [0x0000000080000000, 0x0000000100000000)
  region size 1024K, 1 young (1024K), 1 survivors (1024K)
 Metaspace       used 109060K, capacity 111732K, committed 111816K, reserved 1146880K
  class space    used 13839K, capacity 14851K, committed 14924K, reserved 1048576K
}
Event: 190.805 GC heap before
{Heap before GC invocations=92 (full 0):
 garbage-first heap   total 177152K, used 135687K [0x0000000080000000, 0x0000000100000000)
  region size 1024K, 18 young (18432K), 1 survivors (1024K)
 Metaspace       used 112437K, capacity 115284K, committed 115400K, reserved 1148928K
  class space    used 14358K, capacity 15417K, committed 15436K, reserved 1048576K
}
Event: 190.819 GC heap after
{Heap after GC invocations=93 (full 0):
 garbage-first heap   total 177152K, used 120189K [0x0000000080000000, 0x0000000100000000)
  region size 1024K, 2 young (2048K), 2 survivors (2048K)
 Metaspace       used 112437K, capacity 115284K, committed 115400K, reserved 1148928K
  class space    used 14358K, capacity 15417K, committed 15436K, reserved 1048576K
}
Event: 193.113 GC heap before
{Heap before GC invocations=93 (full 0):
 garbage-first heap   total 177152K, used 138621K [0x0000000080000000, 0x0000000100000000)
  region size 1024K, 20 young (20480K), 2 survivors (2048K)
 Metaspace       used 114059K, capacity 116946K, committed 117192K, reserved 1150976K
  class space    used 14480K, capacity 15576K, committed 15692K, reserved 1048576K
}
Event: 193.133 GC heap after
{Heap after GC invocations=94 (full 0):
 garbage-first heap   total 177152K, used 121631K [0x0000000080000000, 0x0000000100000000)
  region size 1024K, 3 young (3072K), 3 survivors (3072K)
 Metaspace       used 114059K, capacity 116946K, committed 117192K, reserved 1150976K
  class space    used 14480K, capacity 15576K, committed 15692K, reserved 1048576K
}
Event: 195.702 GC heap before
{Heap before GC invocations=94 (full 0):
 garbage-first heap   total 177152K, used 140063K [0x0000000080000000, 0x0000000100000000)
  region size 1024K, 21 young (21504K), 3 survivors (3072K)
 Metaspace       used 115173K, capacity 118150K, committed 118344K, reserved 1153024K
  class space    used 14603K, capacity 15718K, committed 15820K, reserved 1048576K
}
Event: 195.718 GC heap after
{Heap after GC invocations=95 (full 0):
 garbage-first heap   total 177152K, used 120977K [0x0000000080000000, 0x0000000100000000)
  region size 1024K, 1 young (1024K), 1 survivors (1024K)
 Metaspace       used 115173K, capacity 118150K, committed 118344K, reserved 1153024K
  class space    used 14603K, capacity 15718K, committed 15820K, reserved 1048576K
}
Event: 197.813 GC heap before
{Heap before GC invocations=95 (full 0):
 garbage-first heap   total 177152K, used 141457K [0x0000000080000000, 0x0000000100000000)
  region size 1024K, 21 young (21504K), 1 survivors (1024K)
 Metaspace       used 116538K, capacity 119664K, committed 119752K, reserved 1153024K
  class space    used 14763K, capacity 15942K, committed 15948K, reserved 1048576K
}
Event: 197.835 GC heap after
{Heap after GC invocations=96 (full 0):
 garbage-first heap   total 177152K, used 124331K [0x0000000080000000, 0x0000000100000000)
  region size 1024K, 3 young (3072K), 3 survivors (3072K)
 Metaspace       used 116538K, capacity 119664K, committed 119752K, reserved 1153024K
  class space    used 14763K, capacity 15942K, committed 15948K, reserved 1048576K
}

