# JRE version: OpenJDK Runtime Environment (11.0.12+7) (build 11.0.12+7-b1504.28-7817840)
# Java VM: OpenJDK 64-Bit Server VM (11.0.12+7-b1504.28-7817840, mixed mode, tiered, compressed oops, g1 gc, windows-amd64)
Heap:
 garbage-first heap   total 147456K, used 103129K [0x0000000080000000, 0x0000000100000000)
  region size 1024K, 8 young (8192K), 1 survivors (1024K)
 Metaspace       used 108910K, capacity 111731K, committed 112076K, reserved 1146880K
  class space    used 13881K, capacity 14947K, committed 15052K, reserved 1048576K
GC Heap History (20 events):
Event: 610.095 GC heap before
{Heap before GC invocations=39 (full 0):
 garbage-first heap   total 147456K, used 105934K [0x0000000080000000, 0x0000000100000000)
  region size 1024K, 7 young (7168K), 3 survivors (3072K)
 Metaspace       used 97265K, capacity 99496K, committed 99660K, reserved 1136640K
  class space    used 12206K, capacity 13073K, committed 13132K, reserved 1048576K
}
Event: 610.128 GC heap after
{Heap after GC invocations=40 (full 0):
 garbage-first heap   total 147456K, used 99992K [0x0000000080000000, 0x0000000100000000)
  region size 1024K, 1 young (1024K), 1 survivors (1024K)
 Metaspace       used 97265K, capacity 99496K, committed 99660K, reserved 1136640K
  class space    used 12206K, capacity 13073K, committed 13132K, reserved 1048576K
}
Event: 612.406 GC heap before
{Heap before GC invocations=40 (full 0):
 garbage-first heap   total 147456K, used 120472K [0x0000000080000000, 0x0000000100000000)
  region size 1024K, 22 young (22528K), 1 survivors (1024K)
 Metaspace       used 97688K, capacity 100029K, committed 100172K, reserved 1136640K
  class space    used 12257K, capacity 13119K, committed 13132K, reserved 1048576K
}
Event: 612.420 GC heap after
{Heap after GC invocations=41 (full 0):
 garbage-first heap   total 147456K, used 100616K [0x0000000080000000, 0x0000000100000000)
  region size 1024K, 2 young (2048K), 2 survivors (2048K)
 Metaspace       used 97688K, capacity 100029K, committed 100172K, reserved 1136640K
  class space    used 12257K, capacity 13119K, committed 13132K, reserved 1048576K
}
Event: 616.066 GC heap before
{Heap before GC invocations=42 (full 0):
 garbage-first heap   total 147456K, used 123144K [0x0000000080000000, 0x0000000100000000)
  region size 1024K, 24 young (24576K), 2 survivors (2048K)
 Metaspace       used 101270K, capacity 103649K, committed 103884K, reserved 1138688K
  class space    used 12777K, capacity 13647K, committed 13772K, reserved 1048576K
}
Event: 616.094 GC heap after
{Heap after GC invocations=43 (full 0):
 garbage-first heap   total 147456K, used 105143K [0x0000000080000000, 0x0000000100000000)
  region size 1024K, 3 young (3072K), 3 survivors (3072K)
 Metaspace       used 101270K, capacity 103649K, committed 103884K, reserved 1138688K
  class space    used 12777K, capacity 13647K, committed 13772K, reserved 1048576K
}
Event: 616.538 GC heap before
{Heap before GC invocations=43 (full 0):
 garbage-first heap   total 147456K, used 109239K [0x0000000080000000, 0x0000000100000000)
  region size 1024K, 7 young (7168K), 3 survivors (3072K)
 Metaspace       used 102339K, capacity 104729K, committed 104908K, reserved 1140736K
  class space    used 13048K, capacity 13942K, committed 14028K, reserved 1048576K
}
Event: 616.593 GC heap after
{Heap after GC invocations=44 (full 0):
 garbage-first heap   total 147456K, used 101699K [0x0000000080000000, 0x0000000100000000)
  region size 1024K, 1 young (1024K), 1 survivors (1024K)
 Metaspace       used 102339K, capacity 104729K, committed 104908K, reserved 1140736K
  class space    used 13048K, capacity 13942K, committed 14028K, reserved 1048576K
}
Event: 619.600 GC heap before
{Heap before GC invocations=44 (full 0):
 garbage-first heap   total 147456K, used 122179K [0x0000000080000000, 0x0000000100000000)
  region size 1024K, 21 young (21504K), 1 survivors (1024K)
 Metaspace       used 105920K, capacity 108535K, committed 108748K, reserved 1142784K
  class space    used 13522K, capacity 14495K, committed 14540K, reserved 1048576K
}
Event: 619.629 GC heap after
{Heap after GC invocations=45 (full 0):
 garbage-first heap   total 147456K, used 105004K [0x0000000080000000, 0x0000000100000000)
  region size 1024K, 3 young (3072K), 3 survivors (3072K)
 Metaspace       used 105920K, capacity 108535K, committed 108748K, reserved 1142784K
  class space    used 13522K, capacity 14495K, committed 14540K, reserved 1048576K
}
Event: 622.668 GC heap before
{Heap before GC invocations=46 (full 0):
 garbage-first heap   total 147456K, used 123436K [0x0000000080000000, 0x0000000100000000)
  region size 1024K, 21 young (21504K), 3 survivors (3072K)
 Metaspace       used 107544K, capacity 110310K, committed 110540K, reserved 1144832K
  class space    used 13712K, capacity 14758K, committed 14796K, reserved 1048576K
}
Event: 622.682 GC heap after
{Heap after GC invocations=47 (full 0):
 garbage-first heap   total 147456K, used 105766K [0x0000000080000000, 0x0000000100000000)
  region size 1024K, 1 young (1024K), 1 survivors (1024K)
 Metaspace       used 107544K, capacity 110310K, committed 110540K, reserved 1144832K
  class space    used 13712K, capacity 14758K, committed 14796K, reserved 1048576K
}
Event: 622.831 GC heap before
{Heap before GC invocations=47 (full 0):
 garbage-first heap   total 147456K, used 111910K [0x0000000080000000, 0x0000000100000000)
  region size 1024K, 7 young (7168K), 1 survivors (1024K)
 Metaspace       used 107604K, capacity 110386K, committed 110540K, reserved 1144832K
  class space    used 13720K, capacity 14763K, committed 14796K, reserved 1048576K
}
Event: 622.845 GC heap after
{Heap after GC invocations=48 (full 0):
 garbage-first heap   total 147456K, used 104574K [0x0000000080000000, 0x0000000100000000)
  region size 1024K, 1 young (1024K), 1 survivors (1024K)
 Metaspace       used 107604K, capacity 110386K, committed 110540K, reserved 1144832K
  class space    used 13720K, capacity 14763K, committed 14796K, reserved 1048576K
}
Event: 637.194 GC heap before
{Heap before GC invocations=48 (full 0):
 garbage-first heap   total 147456K, used 135294K [0x0000000080000000, 0x0000000100000000)
  region size 1024K, 19 young (19456K), 1 survivors (1024K)
 Metaspace       used 108648K, capacity 111529K, committed 111820K, reserved 1146880K
  class space    used 13872K, capacity 14931K, committed 15052K, reserved 1048576K
}
Event: 637.202 GC heap after
{Heap after GC invocations=49 (full 0):
 garbage-first heap   total 147456K, used 104713K [0x0000000080000000, 0x0000000100000000)
  region size 1024K, 1 young (1024K), 1 survivors (1024K)
 Metaspace       used 108648K, capacity 111529K, committed 111820K, reserved 1146880K
  class space    used 13872K, capacity 14931K, committed 15052K, reserved 1048576K
}
Event: 1412.403 GC heap before
{Heap before GC invocations=50 (full 0):
 garbage-first heap   total 147456K, used 122121K [0x0000000080000000, 0x0000000100000000)
  region size 1024K, 20 young (20480K), 1 survivors (1024K)
 Metaspace       used 108779K, capacity 111574K, committed 111820K, reserved 1146880K
  class space    used 13868K, capacity 14924K, committed 15052K, reserved 1048576K
}
Event: 1412.409 GC heap after
{Heap after GC invocations=51 (full 0):
 garbage-first heap   total 147456K, used 103657K [0x0000000080000000, 0x0000000100000000)
  region size 1024K, 1 young (1024K), 1 survivors (1024K)
 Metaspace       used 108779K, capacity 111574K, committed 111820K, reserved 1146880K
  class space    used 13868K, capacity 14924K, committed 15052K, reserved 1048576K
}
Event: 1420.890 GC heap before
{Heap before GC invocations=51 (full 0):
 garbage-first heap   total 147456K, used 109801K [0x0000000080000000, 0x0000000100000000)
  region size 1024K, 7 young (7168K), 1 survivors (1024K)
 Metaspace       used 108908K, capacity 111731K, committed 112076K, reserved 1146880K
  class space    used 13881K, capacity 14947K, committed 15052K, reserved 1048576K
}
Event: 1420.920 GC heap after
{Heap after GC invocations=52 (full 0):
 garbage-first heap   total 147456K, used 96985K [0x0000000080000000, 0x0000000100000000)
  region size 1024K, 1 young (1024K), 1 survivors (1024K)
 Metaspace       used 108908K, capacity 111731K, committed 112076K, reserved 1146880K
  class space    used 13881K, capacity 14947K, committed 15052K, reserved 1048576K
}

