# JRE version: OpenJDK Runtime Environment (11.0.12+7) (build 11.0.12+7-b1504.28-7817840)
# Java VM: OpenJDK 64-Bit Server VM (11.0.12+7-b1504.28-7817840, mixed mode, tiered, compressed oops, g1 gc, windows-amd64)
Heap:
 garbage-first heap   total 122880K, used 54778K [0x0000000080000000, 0x0000000100000000)
  region size 1024K, 40 young (40960K), 5 survivors (5120K)
 Metaspace       used 33919K, capacity 34698K, committed 34944K, reserved 1079296K
  class space    used 4397K, capacity 4711K, committed 4736K, reserved 1048576K
GC Heap History (16 events):
Event: 0.926 GC heap before
{Heap before GC invocations=0 (full 0):
 garbage-first heap   total 122880K, used 7168K [0x0000000080000000, 0x0000000100000000)
  region size 1024K, 7 young (7168K), 0 survivors (0K)
 Metaspace       used 6135K, capacity 6265K, committed 6528K, reserved 1056768K
  class space    used 536K, capacity 578K, committed 640K, reserved 1048576K
}
Event: 0.936 GC heap after
{Heap after GC invocations=1 (full 0):
 garbage-first heap   total 122880K, used 1383K [0x0000000080000000, 0x0000000100000000)
  region size 1024K, 1 young (1024K), 1 survivors (1024K)
 Metaspace       used 6135K, capacity 6265K, committed 6528K, reserved 1056768K
  class space    used 536K, capacity 578K, committed 640K, reserved 1048576K
}
Event: 10.849 GC heap before
{Heap before GC invocations=1 (full 0):
 garbage-first heap   total 122880K, used 80231K [0x0000000080000000, 0x0000000100000000)
  region size 1024K, 72 young (73728K), 1 survivors (1024K)
 Metaspace       used 13967K, capacity 14339K, committed 14464K, reserved 1062912K
  class space    used 1545K, capacity 1656K, committed 1664K, reserved 1048576K
}
Event: 10.875 GC heap after
{Heap after GC invocations=2 (full 0):
 garbage-first heap   total 122880K, used 14859K [0x0000000080000000, 0x0000000100000000)
  region size 1024K, 9 young (9216K), 9 survivors (9216K)
 Metaspace       used 13967K, capacity 14339K, committed 14464K, reserved 1062912K
  class space    used 1545K, capacity 1656K, committed 1664K, reserved 1048576K
}
Event: 11.756 GC heap before
{Heap before GC invocations=2 (full 0):
 garbage-first heap   total 122880K, used 18955K [0x0000000080000000, 0x0000000100000000)
  region size 1024K, 13 young (13312K), 9 survivors (9216K)
 Metaspace       used 15145K, capacity 15592K, committed 15744K, reserved 1062912K
  class space    used 1724K, capacity 1862K, committed 1920K, reserved 1048576K
}
Event: 11.773 GC heap after
{Heap after GC invocations=3 (full 0):
 garbage-first heap   total 122880K, used 15597K [0x0000000080000000, 0x0000000100000000)
  region size 1024K, 1 young (1024K), 1 survivors (1024K)
 Metaspace       used 15145K, capacity 15592K, committed 15744K, reserved 1062912K
  class space    used 1724K, capacity 1862K, committed 1920K, reserved 1048576K
}
Event: 20.276 GC heap before
{Heap before GC invocations=3 (full 0):
 garbage-first heap   total 122880K, used 29933K [0x0000000080000000, 0x0000000100000000)
  region size 1024K, 16 young (16384K), 1 survivors (1024K)
 Metaspace       used 17827K, capacity 18267K, committed 18432K, reserved 1064960K
  class space    used 2113K, capacity 2244K, committed 2304K, reserved 1048576K
}
Event: 20.283 GC heap after
{Heap after GC invocations=4 (full 0):
 garbage-first heap   total 122880K, used 16354K [0x0000000080000000, 0x0000000100000000)
  region size 1024K, 2 young (2048K), 2 survivors (2048K)
 Metaspace       used 17827K, capacity 18267K, committed 18432K, reserved 1064960K
  class space    used 2113K, capacity 2244K, committed 2304K, reserved 1048576K
}
Event: 21.608 GC heap before
{Heap before GC invocations=4 (full 0):
 garbage-first heap   total 122880K, used 39906K [0x0000000080000000, 0x0000000100000000)
  region size 1024K, 25 young (25600K), 2 survivors (2048K)
 Metaspace       used 20558K, capacity 21045K, committed 21120K, reserved 1067008K
  class space    used 2525K, capacity 2680K, committed 2688K, reserved 1048576K
}
Event: 21.619 GC heap after
{Heap after GC invocations=5 (full 0):
 garbage-first heap   total 122880K, used 16973K [0x0000000080000000, 0x0000000100000000)
  region size 1024K, 2 young (2048K), 2 survivors (2048K)
 Metaspace       used 20558K, capacity 21045K, committed 21120K, reserved 1067008K
  class space    used 2525K, capacity 2680K, committed 2688K, reserved 1048576K
}
Event: 21.716 GC heap before
{Heap before GC invocations=5 (full 0):
 garbage-first heap   total 122880K, used 17997K [0x0000000080000000, 0x0000000100000000)
  region size 1024K, 4 young (4096K), 2 survivors (2048K)
 Metaspace       used 20721K, capacity 21141K, committed 21248K, reserved 1067008K
  class space    used 2545K, capacity 2712K, committed 2816K, reserved 1048576K
}
Event: 21.724 GC heap after
{Heap after GC invocations=6 (full 0):
 garbage-first heap   total 122880K, used 17077K [0x0000000080000000, 0x0000000100000000)
  region size 1024K, 2 young (2048K), 2 survivors (2048K)
 Metaspace       used 20721K, capacity 21141K, committed 21248K, reserved 1067008K
  class space    used 2545K, capacity 2712K, committed 2816K, reserved 1048576K
}
Event: 24.288 GC heap before
{Heap before GC invocations=7 (full 0):
 garbage-first heap   total 122880K, used 48821K [0x0000000080000000, 0x0000000100000000)
  region size 1024K, 33 young (33792K), 2 survivors (2048K)
 Metaspace       used 24292K, capacity 24886K, committed 25088K, reserved 1071104K
  class space    used 3071K, capacity 3283K, committed 3328K, reserved 1048576K
}
Event: 24.301 GC heap after
{Heap after GC invocations=8 (full 0):
 garbage-first heap   total 122880K, used 18159K [0x0000000080000000, 0x0000000100000000)
  region size 1024K, 3 young (3072K), 3 survivors (3072K)
 Metaspace       used 24292K, capacity 24886K, committed 25088K, reserved 1071104K
  class space    used 3071K, capacity 3283K, committed 3328K, reserved 1048576K
}
Event: 28.009 GC heap before
{Heap before GC invocations=8 (full 0):
 garbage-first heap   total 122880K, used 61167K [0x0000000080000000, 0x0000000100000000)
  region size 1024K, 45 young (46080K), 3 survivors (3072K)
 Metaspace       used 28356K, capacity 29062K, committed 29312K, reserved 1075200K
  class space    used 3728K, capacity 3959K, committed 3968K, reserved 1048576K
}
Event: 28.025 GC heap after
{Heap after GC invocations=9 (full 0):
 garbage-first heap   total 122880K, used 19962K [0x0000000080000000, 0x0000000100000000)
  region size 1024K, 5 young (5120K), 5 survivors (5120K)
 Metaspace       used 28356K, capacity 29062K, committed 29312K, reserved 1075200K
  class space    used 3728K, capacity 3959K, committed 3968K, reserved 1048576K
}

