# JRE version: OpenJDK Runtime Environment (11.0.12+7) (build 11.0.12+7-b1504.28-7817840)
# Java VM: OpenJDK 64-Bit Server VM (11.0.12+7-b1504.28-7817840, mixed mode, tiered, compressed oops, g1 gc, windows-amd64)
Heap:
 garbage-first heap   total 147456K, used 73149K [0x0000000080000000, 0x0000000100000000)
  region size 1024K, 20 young (20480K), 7 survivors (7168K)
 Metaspace       used 74138K, capacity 75777K, committed 76032K, reserved 1116160K
  class space    used 9598K, capacity 10250K, committed 10368K, reserved 1048576K
GC Heap History (20 events):
Event: 21.187 GC heap before
{Heap before GC invocations=9 (full 0):
 garbage-first heap   total 122880K, used 45779K [0x0000000080000000, 0x0000000100000000)
  region size 1024K, 31 young (31744K), 5 survivors (5120K)
 Metaspace       used 35007K, capacity 35783K, committed 35840K, reserved 1081344K
  class space    used 4533K, capacity 4839K, committed 4864K, reserved 1048576K
}
Event: 21.222 GC heap after
{Heap after GC invocations=10 (full 0):
 garbage-first heap   total 122880K, used 22811K [0x0000000080000000, 0x0000000100000000)
  region size 1024K, 6 young (6144K), 6 survivors (6144K)
 Metaspace       used 35007K, capacity 35783K, committed 35840K, reserved 1081344K
  class space    used 4533K, capacity 4839K, committed 4864K, reserved 1048576K
}
Event: 24.848 GC heap before
{Heap before GC invocations=11 (full 0):
 garbage-first heap   total 122880K, used 72987K [0x0000000080000000, 0x0000000100000000)
  region size 1024K, 53 young (54272K), 6 survivors (6144K)
 Metaspace       used 39503K, capacity 40409K, committed 40652K, reserved 1085440K
  class space    used 5033K, capacity 5354K, committed 5376K, reserved 1048576K
}
Event: 24.884 GC heap after
{Heap after GC invocations=12 (full 0):
 garbage-first heap   total 122880K, used 27258K [0x0000000080000000, 0x0000000100000000)
  region size 1024K, 7 young (7168K), 7 survivors (7168K)
 Metaspace       used 39503K, capacity 40409K, committed 40652K, reserved 1085440K
  class space    used 5033K, capacity 5354K, committed 5376K, reserved 1048576K
}
Event: 31.541 GC heap before
{Heap before GC invocations=12 (full 0):
 garbage-first heap   total 122880K, used 76410K [0x0000000080000000, 0x0000000100000000)
  region size 1024K, 55 young (56320K), 7 survivors (7168K)
 Metaspace       used 43790K, capacity 44758K, committed 44876K, reserved 1087488K
  class space    used 5569K, capacity 5940K, committed 6016K, reserved 1048576K
}
Event: 31.574 GC heap after
{Heap after GC invocations=13 (full 0):
 garbage-first heap   total 147456K, used 28948K [0x0000000080000000, 0x0000000100000000)
  region size 1024K, 3 young (3072K), 3 survivors (3072K)
 Metaspace       used 43790K, capacity 44758K, committed 44876K, reserved 1087488K
  class space    used 5569K, capacity 5940K, committed 6016K, reserved 1048576K
}
Event: 38.810 GC heap before
{Heap before GC invocations=13 (full 0):
 garbage-first heap   total 147456K, used 92436K [0x0000000080000000, 0x0000000100000000)
  region size 1024K, 65 young (66560K), 3 survivors (3072K)
 Metaspace       used 48164K, capacity 49355K, committed 49612K, reserved 1091584K
  class space    used 6176K, capacity 6639K, committed 6656K, reserved 1048576K
}
Event: 38.834 GC heap after
{Heap after GC invocations=14 (full 0):
 garbage-first heap   total 147456K, used 31419K [0x0000000080000000, 0x0000000100000000)
  region size 1024K, 5 young (5120K), 5 survivors (5120K)
 Metaspace       used 48164K, capacity 49355K, committed 49612K, reserved 1091584K
  class space    used 6176K, capacity 6639K, committed 6656K, reserved 1048576K
}
Event: 48.029 GC heap before
{Heap before GC invocations=14 (full 0):
 garbage-first heap   total 147456K, used 100027K [0x0000000080000000, 0x0000000100000000)
  region size 1024K, 69 young (70656K), 5 survivors (5120K)
 Metaspace       used 53292K, capacity 54548K, committed 54604K, reserved 1097728K
  class space    used 6786K, capacity 7283K, committed 7296K, reserved 1048576K
}
Event: 48.065 GC heap after
{Heap after GC invocations=15 (full 0):
 garbage-first heap   total 147456K, used 44411K [0x0000000080000000, 0x0000000100000000)
  region size 1024K, 9 young (9216K), 9 survivors (9216K)
 Metaspace       used 53292K, capacity 54548K, committed 54604K, reserved 1097728K
  class space    used 6786K, capacity 7283K, committed 7296K, reserved 1048576K
}
Event: 51.258 GC heap before
{Heap before GC invocations=15 (full 0):
 garbage-first heap   total 147456K, used 79227K [0x0000000080000000, 0x0000000100000000)
  region size 1024K, 44 young (45056K), 9 survivors (9216K)
 Metaspace       used 58846K, capacity 60140K, committed 60288K, reserved 1101824K
  class space    used 7406K, capacity 7903K, committed 7936K, reserved 1048576K
}
Event: 51.285 GC heap after
{Heap after GC invocations=16 (full 0):
 garbage-first heap   total 147456K, used 46329K [0x0000000080000000, 0x0000000100000000)
  region size 1024K, 2 young (2048K), 2 survivors (2048K)
 Metaspace       used 58846K, capacity 60140K, committed 60288K, reserved 1101824K
  class space    used 7406K, capacity 7903K, committed 7936K, reserved 1048576K
}
Event: 54.825 GC heap before
{Heap before GC invocations=17 (full 0):
 garbage-first heap   total 147456K, used 96505K [0x0000000080000000, 0x0000000100000000)
  region size 1024K, 52 young (53248K), 2 survivors (2048K)
 Metaspace       used 64517K, capacity 65902K, committed 66176K, reserved 1107968K
  class space    used 8118K, capacity 8647K, committed 8704K, reserved 1048576K
}
Event: 54.847 GC heap after
{Heap after GC invocations=18 (full 0):
 garbage-first heap   total 147456K, used 50666K [0x0000000080000000, 0x0000000100000000)
  region size 1024K, 6 young (6144K), 6 survivors (6144K)
 Metaspace       used 64517K, capacity 65902K, committed 66176K, reserved 1107968K
  class space    used 8118K, capacity 8647K, committed 8704K, reserved 1048576K
}
Event: 63.817 GC heap before
{Heap before GC invocations=18 (full 0):
 garbage-first heap   total 147456K, used 102890K [0x0000000080000000, 0x0000000100000000)
  region size 1024K, 56 young (57344K), 6 survivors (6144K)
 Metaspace       used 66902K, capacity 68397K, committed 68608K, reserved 1110016K
  class space    used 8463K, capacity 9039K, committed 9088K, reserved 1048576K
}
Event: 63.844 GC heap after
{Heap after GC invocations=19 (full 0):
 garbage-first heap   total 147456K, used 54039K [0x0000000080000000, 0x0000000100000000)
  region size 1024K, 4 young (4096K), 4 survivors (4096K)
 Metaspace       used 66902K, capacity 68397K, committed 68608K, reserved 1110016K
  class space    used 8463K, capacity 9039K, committed 9088K, reserved 1048576K
}
Event: 76.091 GC heap before
{Heap before GC invocations=19 (full 0):
 garbage-first heap   total 147456K, used 105239K [0x0000000080000000, 0x0000000100000000)
  region size 1024K, 54 young (55296K), 4 survivors (4096K)
 Metaspace       used 70822K, capacity 72427K, committed 72576K, reserved 1112064K
  class space    used 9111K, capacity 9724K, committed 9728K, reserved 1048576K
}
Event: 76.116 GC heap after
{Heap after GC invocations=20 (full 0):
 garbage-first heap   total 147456K, used 57357K [0x0000000080000000, 0x0000000100000000)
  region size 1024K, 7 young (7168K), 7 survivors (7168K)
 Metaspace       used 70822K, capacity 72427K, committed 72576K, reserved 1112064K
  class space    used 9111K, capacity 9724K, committed 9728K, reserved 1048576K
}
Event: 78.199 GC heap before
{Heap before GC invocations=20 (full 0):
 garbage-first heap   total 147456K, used 109581K [0x0000000080000000, 0x0000000100000000)
  region size 1024K, 58 young (59392K), 7 survivors (7168K)
 Metaspace       used 73182K, capacity 74768K, committed 75008K, reserved 1114112K
  class space    used 9456K, capacity 10046K, committed 10112K, reserved 1048576K
}
Event: 78.231 GC heap after
{Heap after GC invocations=21 (full 0):
 garbage-first heap   total 147456K, used 60861K [0x0000000080000000, 0x0000000100000000)
  region size 1024K, 7 young (7168K), 7 survivors (7168K)
 Metaspace       used 73182K, capacity 74768K, committed 75008K, reserved 1114112K
  class space    used 9456K, capacity 10046K, committed 10112K, reserved 1048576K
}

